2024-03-30 02:29:28 [MainThread]-[conftest.web_page_new:48]-[INFO]:page session fixture starting....
2024-03-30 02:29:32 [MainThread]-[conftest.pytest_runtest_makereport:85]-[INFO]:执行脚本：cases/test_main.py::test_main_page，用例名称：163邮箱，执行结果：passed，失败原因：None
2024-03-30 02:29:32 [MainThread]-[conftest.web_page_new:62]-[INFO]:page session fixture closing.......
2024-03-30 02:33:37 [MainThread]-[conftest.web_page_new:48]-[INFO]:page session fixture starting....
2024-03-30 02:33:37 [MainThread]-[conftest.web_page_new:59]-[INFO]:start tracing...
2024-03-30 02:33:41 [MainThread]-[conftest.pytest_runtest_makereport:88]-[INFO]:执行脚本：cases/test_main.py::test_main_page，用例名称：163邮箱，执行结果：passed，失败原因：None
2024-03-30 02:33:41 [MainThread]-[conftest.web_page_new:64]-[INFO]:page session fixture closing.......
2024-03-30 02:33:41 [MainThread]-[conftest.web_page_new:66]-[INFO]:stop tracing...
2024-03-30 02:35:25 [MainThread]-[conftest.web_page_new:48]-[INFO]:page session fixture starting....
2024-03-30 02:35:26 [MainThread]-[conftest.web_page_new:59]-[INFO]:start tracing...
2024-03-30 02:35:29 [MainThread]-[conftest.pytest_runtest_makereport:88]-[INFO]:>>当前执行脚本：cases/test_main.py::test_main_page，用例名称：163邮箱，执行结果：passed，失败原因：None<<
2024-03-30 02:35:29 [MainThread]-[conftest.web_page_new:64]-[INFO]:page session fixture closing.......
2024-03-30 02:35:29 [MainThread]-[conftest.web_page_new:66]-[INFO]:stop tracing...
2024-03-30 02:56:57 [MainThread]-[conftest.web_page_new:48]-[INFO]:page session fixture starting....
2024-03-30 02:56:57 [MainThread]-[conftest.web_page_new:59]-[INFO]:start tracing...
2024-03-30 02:57:01 [MainThread]-[conftest.pytest_runtest_makereport:88]-[INFO]:>>当前执行脚本：cases/test_main.py::test_main_page，用例名称：163邮箱，执行结果：passed，失败原因：None<<
2024-03-30 02:57:01 [MainThread]-[conftest.web_page_new:64]-[INFO]:page session fixture closing.......
2024-03-30 02:57:01 [MainThread]-[conftest.web_page_new:66]-[INFO]:stop tracing...
2024-03-30 02:57:08 [MainThread]-[conftest.web_page_new:48]-[INFO]:page session fixture starting....
2024-03-30 02:57:09 [MainThread]-[conftest.web_page_new:59]-[INFO]:start tracing...
2024-03-30 02:57:12 [MainThread]-[conftest.pytest_runtest_makereport:88]-[INFO]:>>当前执行脚本：cases/test_main.py::test_main_page，用例名称：163邮箱，执行结果：passed，失败原因：None<<
2024-03-30 02:57:12 [MainThread]-[conftest.web_page_new:64]-[INFO]:page session fixture closing.......
2024-03-30 02:57:13 [MainThread]-[conftest.web_page_new:66]-[INFO]:stop tracing...
